<?xml version="1.0" encoding="UTF-8"?>
<testsuite name="Api tests" tests="1" skipped="0" failures="0" errors="0" timestamp="2022-03-06T00:24:53" hostname="MacBook-Air-Anastasia.local" time="0.753">
  <properties/>
  <testcase name="openTest()" classname="tests.task1" time="0.753"/>
  <system-out><![CDATA[]]></system-out>
  <system-err><![CDATA[]]></system-err>
</testsuite>
