<?xml version="1.0" encoding="UTF-8"?>
<testsuite name="Api tests" tests="1" skipped="0" failures="0" errors="0" timestamp="2022-03-16T15:27:49" hostname="DESKTOP-VQTC2VM" time="2.095">
  <properties/>
  <testcase name="task1()" classname="tests.testTasks" time="2.095"/>
  <system-out><![CDATA[Enter Input : 
null
{}
{"success":false,"code":400,"errors":{"\u0000*\u0000messages":{"identity":["\u041f\u043e\u043b\u0435 identity \u043e\u0431\u044f\u0437\u0430\u0442\u0435\u043b\u044c\u043d\u043e \u0434\u043b\u044f \u0437\u0430\u043f\u043e\u043b\u043d\u0435\u043d\u0438\u044f."]},"\u0000*\u0000format":":message"}}
]]></system-out>
  <system-err><![CDATA[]]></system-err>
</testsuite>
